0.00, [DEBUG], logger, ROBOTS_CONFIG=[{"avg_speed": 0.15, "battery_charge": 0.23995139509475963, "battery_discharge_rate": 0.00048000000000000007, "id": 1, "local_plan": null, "location": "PC Room 8", "name": "r1", "position": [-11.5, 18.0, -1.57], "skills": ["approach_person", "approach_robot", "navigation", "operate_drawer"]}, {"avg_speed": 0.15, "battery_charge": 0.634952869577942, "battery_discharge_rate": 0.00054, "id": 2, "local_plan": null, "location": "PC Room 6", "name": "r2", "position": [-19.0, 18.0, -1.57], "skills": ["approach_person", "approach_robot", "authenticate_person", "navigation", "operate_drawer"]}, {"avg_speed": 0.15, "battery_charge": 0.08039941318304296, "battery_discharge_rate": 0.00036, "id": 3, "local_plan": null, "location": "IC Room 2", "name": "r3", "position": [-38.0, 21.5, 0.0], "skills": ["approach_person", "approach_robot", "navigation", "operate_drawer"]}, {"avg_speed": 0.15, "battery_charge": 0.17496190705907763, "battery_discharge_rate": 0.0006000000000000001, "id": 4, "local_plan": [["navigation", ["IC Room 6", [[-39.44, 33.95, 0.0], [-37.0, 33.95], [-37.0, 18.93], [-33.9, 18.93, 3.14]]], "navto_room"], ["approach_person", ["nurse"], "approach_nurse"], ["authenticate_person", ["nurse"], "authenticate_nurse"], ["operate_drawer", ["open"], "open_drawer_for_nurse"], ["send_message", ["nurse"], "notify_nurse_of_open_drawer_for_nurse_completed"], ["wait_message", ["nurse"], "wait_nurse_to_complete_deposit"], ["operate_drawer", ["close"], "close_drawer_nurse"], ["navigation", ["Laboratory", [[-33.9, 18.93, 3.14], [-37.0, 18.93], [-37.0, 16.0], [-26.0, 16.0], [-26.0, 13.0, 1.57]]], "navto_lab"], ["approach_robot", ["lab_arm"], "approach_arm"], ["operate_drawer", ["open"], "open_drawer_lab"], ["send_message", ["lab_arm"], "notify_lab_arm_of_open_drawer_lab_completed"], ["wait_message", ["lab_arm"], "wait_lab_arm_to_complete_pick_up_sample"], ["operate_drawer", ["close"], "close_drawer_lab"]], "location": "IC Room 4", "name": "r4", "position": [-39.44, 33.95, 0.0], "skills": ["approach_person", "approach_robot", "authenticate_person", "navigation", "operate_drawer"]}, {"avg_speed": 0.15, "battery_charge": 0.7179616530181877, "battery_discharge_rate": 0.0002, "id": 5, "local_plan": null, "location": "PC Room 7", "name": "r5", "position": [-13.5, 18.0, -1.57], "skills": ["approach_person", "authenticate_person", "navigation", "operate_drawer"]}, {"avg_speed": 0.15, "battery_charge": 0.5408465660492595, "battery_discharge_rate": 0.00072, "id": 6, "local_plan": null, "location": "IC Room 5", "name": "r6", "position": [-32.88, 33.98, 3.14], "skills": ["approach_person", "approach_robot", "navigation", "operate_drawer"]}]
0.00, [DEBUG], logger, NURSES_CONFIG=[{"location": "IC Room 6", "position": [-31.9, 20.93, 3.14]}]
0.02, [DEBUG], logger, Simulation open
0.02, [DEBUG], logger, subcribing to in the topic /log
2.10, [DEBUG], None, [debug],turtlebot1,move-base-info,Move_base is up and ok....,None
2.43, [DEBUG], None, [debug],turtlebot2,move-base-info,Move_base is up and ok....,None
2.62, [DEBUG], None, [debug],turtlebot6,move-base-info,Move_base is up and ok....,None
2.65, [DEBUG], None, [debug],turtlebot4,move-base-info,Move_base is up and ok....,None
2.65, [DEBUG], None, [debug],turtlebot3,move-base-info,Move_base is up and ok....,None
2.67, [DEBUG], None, [debug],turtlebot5,move-base-info,Move_base is up and ok....,None
36.08, [INFO], turtlebot2, {"y": "17.99", "x": "-19.01", "yaw": "-1.38"}
36.08, [INFO], turtlebot1, {"y": "17.82", "x": "-11.46", "yaw": "-1.25"}
36.10, [INFO], turtlebot3, {"y": "21.48", "x": "-38.00", "yaw": "0.01"}
36.10, [INFO], turtlebot4, {"y": "33.84", "x": "-39.51", "yaw": "0.46"}
36.12, [INFO], turtlebot4, {"battery-level": "16.72%"}
36.13, [INFO], turtlebot5, {"y": "18.00", "x": "-13.49", "yaw": "-1.49"}
36.15, [INFO], turtlebot6, {"y": "33.97", "x": "-32.89", "yaw": "-3.10"}
51.08, [INFO], turtlebot2, {"y": "17.99", "x": "-19.01", "yaw": "-1.38"}
51.08, [INFO], turtlebot1, {"y": "17.82", "x": "-11.46", "yaw": "-1.25"}
51.10, [INFO], turtlebot3, {"y": "21.48", "x": "-38.00", "yaw": "0.01"}
51.10, [INFO], turtlebot4, {"y": "33.84", "x": "-39.51", "yaw": "0.46"}
51.12, [INFO], turtlebot4, {"battery-level": "15.76%"}
51.13, [INFO], turtlebot5, {"y": "18.00", "x": "-13.49", "yaw": "-1.48"}
51.15, [INFO], turtlebot6, {"y": "33.97", "x": "-32.89", "yaw": "-3.10"}
66.08, [INFO], turtlebot1, {"y": "17.82", "x": "-11.46", "yaw": "-1.25"}
66.08, [INFO], turtlebot2, {"y": "17.99", "x": "-19.01", "yaw": "-1.38"}
66.10, [INFO], turtlebot3, {"y": "21.48", "x": "-38.00", "yaw": "0.01"}
66.10, [INFO], turtlebot4, {"y": "33.84", "x": "-39.51", "yaw": "0.46"}
66.12, [INFO], turtlebot4, {"battery-level": "14.86%"}
66.13, [INFO], turtlebot5, {"y": "18.00", "x": "-13.49", "yaw": "-1.47"}
66.15, [INFO], turtlebot6, {"y": "33.97", "x": "-32.89", "yaw": "-3.10"}
81.08, [INFO], turtlebot1, {"y": "17.82", "x": "-11.46", "yaw": "-1.25"}
81.08, [INFO], turtlebot2, {"y": "17.99", "x": "-19.01", "yaw": "-1.38"}
81.10, [INFO], turtlebot4, {"y": "33.84", "x": "-39.51", "yaw": "0.46"}
81.10, [INFO], turtlebot3, {"y": "21.48", "x": "-38.00", "yaw": "0.01"}
81.12, [INFO], turtlebot4, {"battery-level": "14.02%"}
81.13, [INFO], turtlebot5, {"y": "18.00", "x": "-13.49", "yaw": "-1.45"}
81.15, [INFO], turtlebot6, {"y": "33.97", "x": "-32.90", "yaw": "-3.10"}
96.08, [INFO], turtlebot1, {"y": "17.82", "x": "-11.46", "yaw": "-1.25"}
96.08, [INFO], turtlebot2, {"y": "17.99", "x": "-19.01", "yaw": "-1.38"}
96.10, [INFO], turtlebot3, {"y": "21.48", "x": "-38.00", "yaw": "0.01"}
96.10, [INFO], turtlebot4, {"y": "33.84", "x": "-39.51", "yaw": "0.46"}
96.12, [INFO], turtlebot4, {"battery-level": "13.06%"}
96.13, [INFO], turtlebot5, {"y": "17.99", "x": "-13.49", "yaw": "-1.44"}
96.15, [INFO], turtlebot6, {"y": "33.97", "x": "-32.90", "yaw": "-3.10"}
111.08, [INFO], turtlebot2, {"y": "17.99", "x": "-19.01", "yaw": "-1.38"}
111.08, [INFO], turtlebot1, {"y": "17.82", "x": "-11.46", "yaw": "-1.25"}
111.10, [INFO], turtlebot3, {"y": "21.48", "x": "-38.00", "yaw": "0.01"}
111.10, [INFO], turtlebot4, {"y": "33.84", "x": "-39.51", "yaw": "0.46"}
111.12, [INFO], turtlebot4, {"battery-level": "12.22%"}
111.13, [INFO], turtlebot5, {"y": "17.99", "x": "-13.49", "yaw": "-1.42"}
111.15, [INFO], turtlebot6, {"y": "33.97", "x": "-32.90", "yaw": "-3.09"}
126.08, [INFO], turtlebot1, {"y": "17.82", "x": "-11.46", "yaw": "-1.25"}
126.08, [INFO], turtlebot2, {"y": "17.99", "x": "-19.01", "yaw": "-1.38"}
126.10, [INFO], turtlebot3, {"y": "21.48", "x": "-38.00", "yaw": "0.01"}
126.10, [INFO], turtlebot4, {"y": "33.84", "x": "-39.51", "yaw": "0.46"}
126.12, [INFO], turtlebot4, {"battery-level": "11.26%"}
126.13, [INFO], turtlebot5, {"y": "17.99", "x": "-13.49", "yaw": "-1.40"}
126.15, [INFO], turtlebot6, {"y": "33.97", "x": "-32.90", "yaw": "-3.09"}
141.08, [INFO], turtlebot1, {"y": "17.82", "x": "-11.46", "yaw": "-1.25"}
141.08, [INFO], turtlebot2, {"y": "17.99", "x": "-19.01", "yaw": "-1.38"}
141.10, [INFO], turtlebot3, {"y": "21.48", "x": "-38.00", "yaw": "0.01"}
141.10, [INFO], turtlebot4, {"y": "33.84", "x": "-39.51", "yaw": "0.46"}
141.12, [INFO], turtlebot4, {"battery-level": "10.36%"}
141.13, [INFO], turtlebot5, {"y": "17.98", "x": "-13.49", "yaw": "-1.38"}
141.15, [INFO], turtlebot6, {"y": "33.97", "x": "-32.90", "yaw": "-3.09"}
156.08, [INFO], turtlebot1, {"y": "17.82", "x": "-11.46", "yaw": "-1.25"}
156.08, [INFO], turtlebot2, {"y": "17.99", "x": "-19.01", "yaw": "-1.38"}
156.10, [INFO], turtlebot4, {"y": "33.84", "x": "-39.50", "yaw": "0.46"}
156.10, [INFO], turtlebot3, {"y": "21.48", "x": "-38.00", "yaw": "0.01"}
156.12, [INFO], turtlebot4, {"battery-level": "9.46%"}
156.13, [INFO], turtlebot5, {"y": "17.98", "x": "-13.48", "yaw": "-1.36"}
156.15, [INFO], turtlebot6, {"y": "33.97", "x": "-32.90", "yaw": "-3.09"}
171.08, [INFO], turtlebot2, {"y": "17.99", "x": "-19.01", "yaw": "-1.38"}
171.08, [INFO], turtlebot1, {"y": "17.82", "x": "-11.46", "yaw": "-1.25"}
171.10, [INFO], turtlebot3, {"y": "21.48", "x": "-38.00", "yaw": "0.01"}
171.10, [INFO], turtlebot4, {"y": "33.84", "x": "-39.50", "yaw": "0.46"}
171.12, [INFO], turtlebot4, {"battery-level": "8.62%"}
171.13, [INFO], turtlebot5, {"y": "17.97", "x": "-13.48", "yaw": "-1.34"}
171.15, [INFO], turtlebot6, {"y": "33.97", "x": "-32.90", "yaw": "-3.09"}
186.08, [INFO], turtlebot1, {"y": "17.82", "x": "-11.46", "yaw": "-1.25"}
186.08, [INFO], turtlebot2, {"y": "17.99", "x": "-19.01", "yaw": "-1.38"}
186.10, [INFO], turtlebot4, {"y": "33.84", "x": "-39.50", "yaw": "0.46"}
186.10, [INFO], turtlebot3, {"y": "21.48", "x": "-38.00", "yaw": "0.01"}
186.12, [INFO], turtlebot4, {"battery-level": "7.72%"}
186.13, [INFO], turtlebot5, {"y": "17.97", "x": "-13.48", "yaw": "-1.32"}
186.15, [INFO], turtlebot6, {"y": "33.97", "x": "-32.90", "yaw": "-3.09"}
201.08, [INFO], turtlebot2, {"y": "17.99", "x": "-19.01", "yaw": "-1.38"}
201.08, [INFO], turtlebot1, {"y": "17.82", "x": "-11.46", "yaw": "-1.25"}
201.10, [INFO], turtlebot3, {"y": "21.48", "x": "-38.01", "yaw": "0.03"}
201.10, [INFO], turtlebot4, {"y": "33.84", "x": "-39.50", "yaw": "0.46"}
201.12, [INFO], turtlebot4, {"battery-level": "6.82%"}
201.13, [INFO], turtlebot5, {"y": "17.97", "x": "-13.48", "yaw": "-1.30"}
201.15, [INFO], turtlebot6, {"y": "33.97", "x": "-32.90", "yaw": "-3.09"}
216.08, [INFO], turtlebot2, {"y": "17.99", "x": "-19.01", "yaw": "-1.38"}
216.08, [INFO], turtlebot1, {"y": "17.82", "x": "-11.46", "yaw": "-1.25"}
216.10, [INFO], turtlebot4, {"y": "33.84", "x": "-39.50", "yaw": "0.46"}
216.10, [INFO], turtlebot3, {"y": "21.48", "x": "-38.02", "yaw": "0.03"}
216.12, [INFO], turtlebot4, {"battery-level": "5.86%"}
216.13, [INFO], turtlebot5, {"y": "17.96", "x": "-13.47", "yaw": "-1.28"}
216.15, [INFO], turtlebot6, {"y": "33.97", "x": "-32.91", "yaw": "-3.08"}
231.08, [INFO], turtlebot2, {"y": "17.99", "x": "-19.01", "yaw": "-1.38"}
231.08, [INFO], turtlebot1, {"y": "17.82", "x": "-11.46", "yaw": "-1.25"}
231.10, [INFO], turtlebot4, {"y": "33.84", "x": "-39.50", "yaw": "0.46"}
231.10, [INFO], turtlebot3, {"y": "21.49", "x": "-38.03", "yaw": "0.03"}
231.12, [INFO], turtlebot4, {"battery-level": "5.02%"}
231.12, [DEBUG], None, ENDLOWBATT
231.12, [DEBUG], None, end!
